2019-08-17 18:23:10,580 - basepage - INFO - 等待元素可见：('id', 'com.xueqiu.android:id/user_profile_icon') - [basepage.py:28]
2019-08-17 18:23:17,735 - basepage - INFO - 元素已可见。等待元素可见总时长:7.155057191848755 - [basepage.py:36]
2019-08-17 18:23:17,735 - basepage - INFO - 点击操作：模块 model 下的元素 ('id', 'com.xueqiu.android:id/user_profile_icon') - [basepage.py:78]
2019-08-17 18:23:17,791 - basepage - INFO - 等待元素可见：('id', 'com.xueqiu.android:id/rl_login_phone') - [basepage.py:28]
2019-08-17 18:23:18,953 - basepage - INFO - 元素已可见。等待元素可见总时长:1.1618659496307373 - [basepage.py:36]
2019-08-17 18:23:18,953 - basepage - INFO - 点击操作：模块 model 下的元素 ('id', 'com.xueqiu.android:id/rl_login_phone') - [basepage.py:78]
2019-08-17 18:23:18,970 - basepage - INFO - 等待元素可见：('id', 'com.xueqiu.android:id/tv_login_with_account') - [basepage.py:28]
2019-08-17 18:23:20,555 - basepage - INFO - 元素已可见。等待元素可见总时长:1.584834098815918 - [basepage.py:36]
2019-08-17 18:23:20,555 - basepage - INFO - 点击操作：模块 model 下的元素 ('id', 'com.xueqiu.android:id/tv_login_with_account') - [basepage.py:78]
2019-08-17 18:23:20,578 - basepage - INFO - 查找模块：model下的元素：('id', 'com.xueqiu.android:id/login_account') - [basepage.py:48]
2019-08-17 18:23:21,193 - basepage - INFO - 查找到元素成功 - [basepage.py:51]
2019-08-17 18:23:21,193 - basepage - INFO - 输入操作：模块 model 下的元素 ('id', 'com.xueqiu.android:id/login_account')输入文本 17751810779159 - [basepage.py:93]
2019-08-17 18:23:21,727 - basepage - INFO - 查找模块：model下的元素：('id', 'com.xueqiu.android:id/login_password') - [basepage.py:48]
2019-08-17 18:23:22,334 - basepage - INFO - 查找到元素成功 - [basepage.py:51]
2019-08-17 18:23:22,334 - basepage - INFO - 输入操作：模块 model 下的元素 ('id', 'com.xueqiu.android:id/login_password')输入文本 123456 - [basepage.py:93]
2019-08-17 18:23:22,853 - basepage - INFO - 等待元素可见：('id', 'com.xueqiu.android:id/button_next') - [basepage.py:28]
2019-08-17 18:23:23,374 - basepage - INFO - 元素已可见。等待元素可见总时长:0.520622968673706 - [basepage.py:36]
2019-08-17 18:23:23,374 - basepage - INFO - 点击操作：模块 model 下的元素 ('id', 'com.xueqiu.android:id/button_next') - [basepage.py:78]
2019-08-17 18:23:24,763 - basepage - INFO - 获取('id', 'com.xueqiu.android:id/md_content')元素成功 - [basepage.py:246]
2019-08-17 18:23:24,777 - basepage - INFO - 等待元素可见：('id', 'com.xueqiu.android:id/md_buttonDefaultPositive') - [basepage.py:28]
2019-08-17 18:23:24,802 - basepage - INFO - 元素已可见。等待元素可见总时长:0.024960041046142578 - [basepage.py:36]
2019-08-17 18:23:24,802 - basepage - INFO - 点击操作：模块 model 下的元素 ('id', 'com.xueqiu.android:id/md_buttonDefaultPositive') - [basepage.py:78]
2019-08-17 18:23:24,819 - test_login - INFO - 获取info:手机号码填写错误成功 - [test_login.py:36]
2019-08-17 18:23:24,822 - basepage - INFO - 查找模块：model下的元素：('id', 'com.xueqiu.android:id/login_account') - [basepage.py:48]
2019-08-17 18:23:25,561 - basepage - INFO - 查找到元素成功 - [basepage.py:51]
2019-08-17 18:23:25,561 - basepage - INFO - 输入操作：模块 model 下的元素 ('id', 'com.xueqiu.android:id/login_account')输入文本 17751810779 - [basepage.py:93]
2019-08-17 18:23:26,105 - basepage - INFO - 查找模块：model下的元素：('id', 'com.xueqiu.android:id/login_password') - [basepage.py:48]
2019-08-17 18:23:27,018 - basepage - INFO - 查找到元素成功 - [basepage.py:51]
2019-08-17 18:23:27,018 - basepage - INFO - 输入操作：模块 model 下的元素 ('id', 'com.xueqiu.android:id/login_password')输入文本 85aa2 - [basepage.py:93]
2019-08-17 18:23:27,539 - basepage - INFO - 等待元素可见：('id', 'com.xueqiu.android:id/button_next') - [basepage.py:28]
2019-08-17 18:23:28,057 - basepage - INFO - 元素已可见。等待元素可见总时长:0.5175578594207764 - [basepage.py:36]
2019-08-17 18:23:28,057 - basepage - INFO - 点击操作：模块 model 下的元素 ('id', 'com.xueqiu.android:id/button_next') - [basepage.py:78]
2019-08-17 18:23:48,484 - basepage - ERROR - 相对时间内没有定位到('id', 'com.xueqiu.android:id/md_content')元素 - [basepage.py:249]
2019-08-17 18:25:20,367 - basepage - INFO - 等待元素可见：('id', 'com.xueqiu.android:id/user_profile_icon') - [basepage.py:28]
2019-08-17 18:25:26,192 - basepage - INFO - 元素已可见。等待元素可见总时长:5.82466197013855 - [basepage.py:36]
2019-08-17 18:25:26,193 - basepage - INFO - 点击操作：模块 model 下的元素 ('id', 'com.xueqiu.android:id/user_profile_icon') - [basepage.py:78]
2019-08-17 18:25:26,210 - basepage - INFO - 等待元素可见：('id', 'com.xueqiu.android:id/rl_login_phone') - [basepage.py:28]
2019-08-17 18:25:27,904 - basepage - INFO - 元素已可见。等待元素可见总时长:1.6942431926727295 - [basepage.py:36]
2019-08-17 18:25:27,904 - basepage - INFO - 点击操作：模块 model 下的元素 ('id', 'com.xueqiu.android:id/rl_login_phone') - [basepage.py:78]
2019-08-17 18:25:27,956 - basepage - INFO - 等待元素可见：('id', 'com.xueqiu.android:id/tv_login_with_account') - [basepage.py:28]
2019-08-17 18:25:29,570 - basepage - INFO - 元素已可见。等待元素可见总时长:1.614649772644043 - [basepage.py:36]
2019-08-17 18:25:29,571 - basepage - INFO - 点击操作：模块 model 下的元素 ('id', 'com.xueqiu.android:id/tv_login_with_account') - [basepage.py:78]
2019-08-17 18:25:29,596 - basepage - INFO - 查找模块：model下的元素：('id', 'com.xueqiu.android:id/login_account') - [basepage.py:48]
2019-08-17 18:25:30,205 - basepage - INFO - 查找到元素成功 - [basepage.py:51]
2019-08-17 18:25:30,206 - basepage - INFO - 输入操作：模块 model 下的元素 ('id', 'com.xueqiu.android:id/login_account')输入文本 17751810779159 - [basepage.py:93]
2019-08-17 18:25:31,253 - basepage - INFO - 查找模块：model下的元素：('id', 'com.xueqiu.android:id/login_password') - [basepage.py:48]
2019-08-17 18:25:31,858 - basepage - INFO - 查找到元素成功 - [basepage.py:51]
2019-08-17 18:25:31,858 - basepage - INFO - 输入操作：模块 model 下的元素 ('id', 'com.xueqiu.android:id/login_password')输入文本 123456 - [basepage.py:93]
2019-08-17 18:25:32,883 - basepage - INFO - 等待元素可见：('id', 'com.xueqiu.android:id/button_next') - [basepage.py:28]
2019-08-17 18:25:33,405 - basepage - INFO - 元素已可见。等待元素可见总时长:0.522287130355835 - [basepage.py:36]
2019-08-17 18:25:33,405 - basepage - INFO - 点击操作：模块 model 下的元素 ('id', 'com.xueqiu.android:id/button_next') - [basepage.py:78]
2019-08-17 18:25:34,821 - basepage - INFO - 获取('id', 'com.xueqiu.android:id/md_content')元素成功 - [basepage.py:247]
2019-08-17 18:25:34,840 - basepage - INFO - 等待元素可见：('id', 'com.xueqiu.android:id/md_buttonDefaultPositive') - [basepage.py:28]
2019-08-17 18:25:34,864 - basepage - INFO - 元素已可见。等待元素可见总时长:0.02404189109802246 - [basepage.py:36]
2019-08-17 18:25:34,864 - basepage - INFO - 点击操作：模块 model 下的元素 ('id', 'com.xueqiu.android:id/md_buttonDefaultPositive') - [basepage.py:78]
2019-08-17 18:25:34,880 - test_login - INFO - 获取info:手机号码填写错误成功 - [test_login.py:36]
2019-08-17 18:25:34,882 - basepage - INFO - 查找模块：model下的元素：('id', 'com.xueqiu.android:id/login_account') - [basepage.py:48]
2019-08-17 18:25:35,620 - basepage - INFO - 查找到元素成功 - [basepage.py:51]
2019-08-17 18:25:35,621 - basepage - INFO - 输入操作：模块 model 下的元素 ('id', 'com.xueqiu.android:id/login_account')输入文本 17751810779 - [basepage.py:93]
2019-08-17 18:25:36,661 - basepage - INFO - 查找模块：model下的元素：('id', 'com.xueqiu.android:id/login_password') - [basepage.py:48]
2019-08-17 18:25:37,571 - basepage - INFO - 查找到元素成功 - [basepage.py:51]
2019-08-17 18:25:37,572 - basepage - INFO - 输入操作：模块 model 下的元素 ('id', 'com.xueqiu.android:id/login_password')输入文本 85aa2 - [basepage.py:93]
2019-08-17 18:25:38,595 - basepage - INFO - 等待元素可见：('id', 'com.xueqiu.android:id/button_next') - [basepage.py:28]
2019-08-17 18:25:39,113 - basepage - INFO - 元素已可见。等待元素可见总时长:0.5173919200897217 - [basepage.py:36]
2019-08-17 18:25:39,113 - basepage - INFO - 点击操作：模块 model 下的元素 ('id', 'com.xueqiu.android:id/button_next') - [basepage.py:78]
2019-08-17 18:25:59,389 - basepage - ERROR - 相对时间内没有定位到('id', 'com.xueqiu.android:id/md_content')元素 - [basepage.py:250]
2019-08-17 18:31:25,141 - basepage - INFO - 等待元素可见：('id', 'com.xueqiu.android:id/user_profile_icon') - [basepage.py:28]
2019-08-17 18:31:33,117 - basepage - INFO - 元素已可见。等待元素可见总时长:7.975751876831055 - [basepage.py:36]
2019-08-17 18:31:33,117 - basepage - INFO - 点击操作：模块 model 下的元素 ('id', 'com.xueqiu.android:id/user_profile_icon') - [basepage.py:78]
2019-08-17 18:31:33,134 - basepage - INFO - 等待元素可见：('id', 'com.xueqiu.android:id/rl_login_phone') - [basepage.py:28]
2019-08-17 18:31:34,877 - basepage - INFO - 元素已可见。等待元素可见总时长:1.742842197418213 - [basepage.py:36]
2019-08-17 18:31:34,877 - basepage - INFO - 点击操作：模块 model 下的元素 ('id', 'com.xueqiu.android:id/rl_login_phone') - [basepage.py:78]
2019-08-17 18:31:34,918 - basepage - INFO - 等待元素可见：('id', 'com.xueqiu.android:id/tv_login_with_account') - [basepage.py:28]
2019-08-17 18:31:36,525 - basepage - INFO - 元素已可见。等待元素可见总时长:1.6068050861358643 - [basepage.py:36]
2019-08-17 18:31:36,525 - basepage - INFO - 点击操作：模块 model 下的元素 ('id', 'com.xueqiu.android:id/tv_login_with_account') - [basepage.py:78]
2019-08-17 18:31:36,541 - basepage - INFO - 查找模块：model下的元素：('id', 'com.xueqiu.android:id/login_account') - [basepage.py:48]
2019-08-17 18:31:37,264 - basepage - INFO - 查找到元素成功 - [basepage.py:51]
2019-08-17 18:31:37,264 - basepage - INFO - 输入操作：模块 model 下的元素 ('id', 'com.xueqiu.android:id/login_account')输入文本 17751810779159 - [basepage.py:93]
2019-08-17 18:31:38,305 - basepage - INFO - 查找模块：model下的元素：('id', 'com.xueqiu.android:id/login_password') - [basepage.py:48]
2019-08-17 18:31:38,911 - basepage - INFO - 查找到元素成功 - [basepage.py:51]
2019-08-17 18:31:38,911 - basepage - INFO - 输入操作：模块 model 下的元素 ('id', 'com.xueqiu.android:id/login_password')输入文本 123456 - [basepage.py:93]
2019-08-17 18:31:39,938 - basepage - INFO - 等待元素可见：('id', 'com.xueqiu.android:id/button_next') - [basepage.py:28]
2019-08-17 18:31:40,462 - basepage - INFO - 元素已可见。等待元素可见总时长:0.5231420993804932 - [basepage.py:36]
2019-08-17 18:31:40,462 - basepage - INFO - 点击操作：模块 model 下的元素 ('id', 'com.xueqiu.android:id/button_next') - [basepage.py:78]
2019-08-17 18:31:41,849 - basepage - INFO - 获取('id', 'com.xueqiu.android:id/md_content')元素成功 - [basepage.py:247]
2019-08-17 18:31:41,858 - basepage - INFO - 等待元素可见：('id', 'com.xueqiu.android:id/md_buttonDefaultPositive') - [basepage.py:28]
2019-08-17 18:31:41,880 - basepage - INFO - 元素已可见。等待元素可见总时长:0.021626949310302734 - [basepage.py:36]
2019-08-17 18:31:41,880 - basepage - INFO - 点击操作：模块 model 下的元素 ('id', 'com.xueqiu.android:id/md_buttonDefaultPositive') - [basepage.py:78]
2019-08-17 18:31:41,893 - test_login - INFO - 获取info:手机号码填写错误成功 - [test_login.py:36]
2019-08-17 18:31:41,896 - basepage - INFO - 查找模块：model下的元素：('id', 'com.xueqiu.android:id/login_account') - [basepage.py:48]
2019-08-17 18:31:42,642 - basepage - INFO - 查找到元素成功 - [basepage.py:51]
2019-08-17 18:31:42,642 - basepage - INFO - 输入操作：模块 model 下的元素 ('id', 'com.xueqiu.android:id/login_account')输入文本 17751810779 - [basepage.py:93]
2019-08-17 18:31:43,698 - basepage - INFO - 查找模块：model下的元素：('id', 'com.xueqiu.android:id/login_password') - [basepage.py:48]
2019-08-17 18:31:44,620 - basepage - INFO - 查找到元素成功 - [basepage.py:51]
2019-08-17 18:31:44,620 - basepage - INFO - 输入操作：模块 model 下的元素 ('id', 'com.xueqiu.android:id/login_password')输入文本 85aa2 - [basepage.py:93]
2019-08-17 18:31:45,654 - basepage - INFO - 等待元素可见：('id', 'com.xueqiu.android:id/button_next') - [basepage.py:28]
2019-08-17 18:31:46,176 - basepage - INFO - 元素已可见。等待元素可见总时长:0.5212118625640869 - [basepage.py:36]
2019-08-17 18:31:46,196 - basepage - INFO - 点击操作：模块 model 下的元素 ('id', 'com.xueqiu.android:id/button_next') - [basepage.py:78]
2019-08-17 18:32:06,632 - basepage - ERROR - 相对时间内没有定位到('id', 'com.xueqiu.android:id/md_content')元素 - [basepage.py:250]
2019-08-17 18:35:10,076 - basepage - INFO - 等待元素可见：('id', 'com.xueqiu.android:id/user_profile_icon') - [basepage.py:28]
2019-08-17 18:35:14,082 - basepage - INFO - 元素已可见。等待元素可见总时长:4.005842208862305 - [basepage.py:36]
2019-08-17 18:35:14,082 - basepage - INFO - 点击操作：模块 model 下的元素 ('id', 'com.xueqiu.android:id/user_profile_icon') - [basepage.py:78]
2019-08-17 18:35:14,100 - basepage - INFO - 等待元素可见：('id', 'com.xueqiu.android:id/rl_login_phone') - [basepage.py:28]
2019-08-17 18:35:44,380 - basepage - ERROR - 等待元素可见超时。 - [basepage.py:40]
Traceback (most recent call last):
  File "/Users/wurunze/PycharmProjects/SnowBallTest/pages/basepage.py", line 31, in wait_eleVisible
    ele = WebDriverWait(self.driver,timeout,poll_frequency).until(EC.visibility_of_element_located(locator))
  File "/Users/wurunze/PycharmProjects/xueqiuApp-test/venv/lib/python3.7/site-packages/selenium/webdriver/support/wait.py", line 80, in until
    raise TimeoutException(message, screen, stacktrace)
selenium.common.exceptions.TimeoutException: Message: 

2019-08-17 18:35:44,720 - basepage - INFO - 截图成功，文件路径为：/Users/wurunze/PycharmProjects/SnowBallTest/outputs/screenshots/model_2019-08-17-18-35-44.png - [basepage.py:143]
2019-08-17 18:37:31,880 - basepage - INFO - 等待元素可见：('id', 'com.xueqiu.android:id/user_profile_icon') - [basepage.py:28]
2019-08-17 18:37:36,750 - basepage - INFO - 元素已可见。等待元素可见总时长:4.8695597648620605 - [basepage.py:36]
2019-08-17 18:37:36,750 - basepage - INFO - 点击操作：模块 model 下的元素 ('id', 'com.xueqiu.android:id/user_profile_icon') - [basepage.py:78]
2019-08-17 18:37:36,771 - basepage - INFO - 等待元素可见：('id', 'com.xueqiu.android:id/rl_login_phone') - [basepage.py:28]
2019-08-17 18:37:38,595 - basepage - INFO - 元素已可见。等待元素可见总时长:1.8244459629058838 - [basepage.py:36]
2019-08-17 18:37:38,596 - basepage - INFO - 点击操作：模块 model 下的元素 ('id', 'com.xueqiu.android:id/rl_login_phone') - [basepage.py:78]
2019-08-17 18:37:38,633 - basepage - INFO - 等待元素可见：('id', 'com.xueqiu.android:id/tv_login_with_account') - [basepage.py:28]
2019-08-17 18:37:40,231 - basepage - INFO - 元素已可见。等待元素可见总时长:1.5982463359832764 - [basepage.py:36]
2019-08-17 18:37:40,232 - basepage - INFO - 点击操作：模块 model 下的元素 ('id', 'com.xueqiu.android:id/tv_login_with_account') - [basepage.py:78]
2019-08-17 18:37:40,263 - basepage - INFO - 查找模块：model下的元素：('id', 'com.xueqiu.android:id/login_account') - [basepage.py:48]
2019-08-17 18:37:40,878 - basepage - INFO - 查找到元素成功 - [basepage.py:51]
2019-08-17 18:37:40,878 - basepage - INFO - 输入操作：模块 model 下的元素 ('id', 'com.xueqiu.android:id/login_account')输入文本 17751810779159 - [basepage.py:93]
2019-08-17 18:37:41,933 - basepage - INFO - 查找模块：model下的元素：('id', 'com.xueqiu.android:id/login_password') - [basepage.py:48]
2019-08-17 18:37:42,540 - basepage - INFO - 查找到元素成功 - [basepage.py:51]
2019-08-17 18:37:42,540 - basepage - INFO - 输入操作：模块 model 下的元素 ('id', 'com.xueqiu.android:id/login_password')输入文本 123456 - [basepage.py:93]
2019-08-17 18:37:43,567 - basepage - INFO - 等待元素可见：('id', 'com.xueqiu.android:id/button_next') - [basepage.py:28]
2019-08-17 18:37:44,088 - basepage - INFO - 元素已可见。等待元素可见总时长:0.5214457511901855 - [basepage.py:36]
2019-08-17 18:37:44,088 - basepage - INFO - 点击操作：模块 model 下的元素 ('id', 'com.xueqiu.android:id/button_next') - [basepage.py:78]
2019-08-17 18:37:45,513 - basepage - INFO - 获取('id', 'com.xueqiu.android:id/md_content')元素成功 - [basepage.py:247]
2019-08-17 18:37:45,526 - basepage - INFO - 等待元素可见：('id', 'com.xueqiu.android:id/md_buttonDefaultPositive') - [basepage.py:28]
2019-08-17 18:37:45,560 - basepage - INFO - 元素已可见。等待元素可见总时长:0.03391695022583008 - [basepage.py:36]
2019-08-17 18:37:45,560 - basepage - INFO - 点击操作：模块 model 下的元素 ('id', 'com.xueqiu.android:id/md_buttonDefaultPositive') - [basepage.py:78]
2019-08-17 18:37:45,581 - test_login - INFO - 获取info:手机号码填写错误成功 - [test_login.py:36]
2019-08-17 18:37:45,584 - basepage - INFO - 查找模块：model下的元素：('id', 'com.xueqiu.android:id/login_account') - [basepage.py:48]
2019-08-17 18:37:46,329 - basepage - INFO - 查找到元素成功 - [basepage.py:51]
2019-08-17 18:37:46,329 - basepage - INFO - 输入操作：模块 model 下的元素 ('id', 'com.xueqiu.android:id/login_account')输入文本 17751810779 - [basepage.py:93]
2019-08-17 18:37:47,397 - basepage - INFO - 查找模块：model下的元素：('id', 'com.xueqiu.android:id/login_password') - [basepage.py:48]
2019-08-17 18:37:47,916 - basepage - INFO - 查找到元素成功 - [basepage.py:51]
2019-08-17 18:37:47,916 - basepage - INFO - 输入操作：模块 model 下的元素 ('id', 'com.xueqiu.android:id/login_password')输入文本 85aa2 - [basepage.py:93]
2019-08-17 18:37:48,952 - basepage - INFO - 等待元素可见：('id', 'com.xueqiu.android:id/button_next') - [basepage.py:28]
2019-08-17 18:37:49,468 - basepage - INFO - 元素已可见。等待元素可见总时长:0.515753984451294 - [basepage.py:36]
2019-08-17 18:37:49,468 - basepage - INFO - 点击操作：模块 model 下的元素 ('id', 'com.xueqiu.android:id/button_next') - [basepage.py:78]
2019-08-17 18:38:09,942 - basepage - ERROR - 相对时间内没有定位到('id', 'com.xueqiu.android:id/md_content')元素 - [basepage.py:250]
2019-08-17 18:38:26,339 - basepage - INFO - 等待元素可见：('id', 'com.xueqiu.android:id/user_profile_icon') - [basepage.py:28]
2019-08-17 18:38:37,478 - basepage - INFO - 元素已可见。等待元素可见总时长:11.138557195663452 - [basepage.py:36]
2019-08-17 18:38:37,478 - basepage - INFO - 点击操作：模块 model 下的元素 ('id', 'com.xueqiu.android:id/user_profile_icon') - [basepage.py:78]
2019-08-17 18:38:37,515 - basepage - INFO - 等待元素可见：('id', 'com.xueqiu.android:id/rl_login_phone') - [basepage.py:28]
2019-08-17 18:38:38,683 - basepage - INFO - 元素已可见。等待元素可见总时长:1.1686079502105713 - [basepage.py:36]
2019-08-17 18:38:38,684 - basepage - INFO - 点击操作：模块 model 下的元素 ('id', 'com.xueqiu.android:id/rl_login_phone') - [basepage.py:78]
2019-08-17 18:38:38,713 - basepage - INFO - 等待元素可见：('id', 'com.xueqiu.android:id/tv_login_with_account') - [basepage.py:28]
2019-08-17 18:38:40,279 - basepage - INFO - 元素已可见。等待元素可见总时长:1.5654420852661133 - [basepage.py:36]
2019-08-17 18:38:40,279 - basepage - INFO - 点击操作：模块 model 下的元素 ('id', 'com.xueqiu.android:id/tv_login_with_account') - [basepage.py:78]
2019-08-17 18:38:40,314 - basepage - INFO - 查找模块：model下的元素：('id', 'com.xueqiu.android:id/login_account') - [basepage.py:48]
2019-08-17 18:38:40,912 - basepage - INFO - 查找到元素成功 - [basepage.py:51]
2019-08-17 18:38:40,913 - basepage - INFO - 输入操作：模块 model 下的元素 ('id', 'com.xueqiu.android:id/login_account')输入文本 17751810779159 - [basepage.py:93]
2019-08-17 18:38:41,962 - basepage - INFO - 查找模块：model下的元素：('id', 'com.xueqiu.android:id/login_password') - [basepage.py:48]
2019-08-17 18:38:42,568 - basepage - INFO - 查找到元素成功 - [basepage.py:51]
2019-08-17 18:38:42,568 - basepage - INFO - 输入操作：模块 model 下的元素 ('id', 'com.xueqiu.android:id/login_password')输入文本 123456 - [basepage.py:93]
2019-08-17 18:38:43,614 - basepage - INFO - 等待元素可见：('id', 'com.xueqiu.android:id/button_next') - [basepage.py:28]
2019-08-17 18:38:44,131 - basepage - INFO - 元素已可见。等待元素可见总时长:0.5165870189666748 - [basepage.py:36]
2019-08-17 18:38:44,131 - basepage - INFO - 点击操作：模块 model 下的元素 ('id', 'com.xueqiu.android:id/button_next') - [basepage.py:78]
2019-08-17 18:38:45,040 - basepage - INFO - 获取('id', 'com.xueqiu.android:id/md_content')元素成功 - [basepage.py:247]
2019-08-17 18:38:45,082 - basepage - INFO - 等待元素可见：('id', 'com.xueqiu.android:id/md_buttonDefaultPositive') - [basepage.py:28]
2019-08-17 18:38:45,133 - basepage - INFO - 元素已可见。等待元素可见总时长:0.05013084411621094 - [basepage.py:36]
2019-08-17 18:38:45,133 - basepage - INFO - 点击操作：模块 model 下的元素 ('id', 'com.xueqiu.android:id/md_buttonDefaultPositive') - [basepage.py:78]
2019-08-17 18:38:45,165 - test_login - INFO - 获取info:手机号码填写错误成功 - [test_login.py:36]
2019-08-17 18:38:45,168 - basepage - INFO - 查找模块：model下的元素：('id', 'com.xueqiu.android:id/login_account') - [basepage.py:48]
2019-08-17 18:38:45,913 - basepage - INFO - 查找到元素成功 - [basepage.py:51]
2019-08-17 18:38:45,913 - basepage - INFO - 输入操作：模块 model 下的元素 ('id', 'com.xueqiu.android:id/login_account')输入文本 17751810779 - [basepage.py:93]
2019-08-17 18:38:46,981 - basepage - INFO - 查找模块：model下的元素：('id', 'com.xueqiu.android:id/login_password') - [basepage.py:48]
2019-08-17 18:38:47,516 - basepage - INFO - 查找到元素成功 - [basepage.py:51]
2019-08-17 18:38:47,516 - basepage - INFO - 输入操作：模块 model 下的元素 ('id', 'com.xueqiu.android:id/login_password')输入文本 85aa2vcx - [basepage.py:93]
2019-08-17 18:38:48,539 - basepage - INFO - 等待元素可见：('id', 'com.xueqiu.android:id/button_next') - [basepage.py:28]
2019-08-17 18:38:49,079 - basepage - INFO - 元素已可见。等待元素可见总时长:0.540147066116333 - [basepage.py:36]
2019-08-17 18:38:49,079 - basepage - INFO - 点击操作：模块 model 下的元素 ('id', 'com.xueqiu.android:id/button_next') - [basepage.py:78]
2019-08-17 18:38:50,721 - basepage - INFO - 获取('id', 'com.xueqiu.android:id/md_content')元素成功 - [basepage.py:247]
2019-08-17 18:38:50,730 - basepage - INFO - 等待元素可见：('id', 'com.xueqiu.android:id/md_buttonDefaultPositive') - [basepage.py:28]
2019-08-17 18:38:50,781 - basepage - INFO - 元素已可见。等待元素可见总时长:0.04996514320373535 - [basepage.py:36]
2019-08-17 18:38:50,781 - basepage - INFO - 点击操作：模块 model 下的元素 ('id', 'com.xueqiu.android:id/md_buttonDefaultPositive') - [basepage.py:78]
2019-08-17 18:38:50,821 - test_login - INFO - 获取info:用户名或密码错误成功 - [test_login.py:36]
2019-08-17 18:41:03,073 - basepage - INFO - 等待元素可见：('id', 'com.xueqiu.android:id/user_profile_icon') - [basepage.py:28]
2019-08-17 18:41:07,936 - basepage - INFO - 元素已可见。等待元素可见总时长:4.862963914871216 - [basepage.py:36]
2019-08-17 18:41:07,937 - basepage - INFO - 点击操作：模块 model 下的元素 ('id', 'com.xueqiu.android:id/user_profile_icon') - [basepage.py:78]
2019-08-17 18:41:07,954 - basepage - INFO - 等待元素可见：('id', 'com.xueqiu.android:id/rl_login_phone') - [basepage.py:28]
2019-08-17 18:41:09,771 - basepage - INFO - 元素已可见。等待元素可见总时长:1.816770076751709 - [basepage.py:36]
2019-08-17 18:41:09,771 - basepage - INFO - 点击操作：模块 model 下的元素 ('id', 'com.xueqiu.android:id/rl_login_phone') - [basepage.py:78]
2019-08-17 18:41:09,830 - basepage - INFO - 等待元素可见：('id', 'com.xueqiu.android:id/tv_login_with_account') - [basepage.py:28]
2019-08-17 18:41:11,424 - basepage - INFO - 元素已可见。等待元素可见总时长:1.593803882598877 - [basepage.py:36]
2019-08-17 18:41:11,424 - basepage - INFO - 点击操作：模块 model 下的元素 ('id', 'com.xueqiu.android:id/tv_login_with_account') - [basepage.py:78]
2019-08-17 18:41:11,447 - basepage - INFO - 查找模块：model下的元素：('id', 'com.xueqiu.android:id/login_account') - [basepage.py:48]
2019-08-17 18:41:12,059 - basepage - INFO - 查找到元素成功 - [basepage.py:51]
2019-08-17 18:41:12,059 - basepage - INFO - 输入操作：模块 model 下的元素 ('id', 'com.xueqiu.android:id/login_account')输入文本 17751810779159 - [basepage.py:93]
2019-08-17 18:41:13,128 - basepage - INFO - 查找模块：model下的元素：('id', 'com.xueqiu.android:id/login_password') - [basepage.py:48]
2019-08-17 18:41:13,732 - basepage - INFO - 查找到元素成功 - [basepage.py:51]
2019-08-17 18:41:13,732 - basepage - INFO - 输入操作：模块 model 下的元素 ('id', 'com.xueqiu.android:id/login_password')输入文本 123456 - [basepage.py:93]
2019-08-17 18:41:14,757 - basepage - INFO - 等待元素可见：('id', 'com.xueqiu.android:id/button_next') - [basepage.py:28]
2019-08-17 18:41:15,280 - basepage - INFO - 元素已可见。等待元素可见总时长:0.5228829383850098 - [basepage.py:36]
2019-08-17 18:41:15,281 - basepage - INFO - 点击操作：模块 model 下的元素 ('id', 'com.xueqiu.android:id/button_next') - [basepage.py:78]
2019-08-17 18:41:16,766 - basepage - INFO - 获取('id', 'com.xueqiu.android:id/md_content')元素成功 - [basepage.py:247]
2019-08-17 18:41:16,777 - basepage - INFO - 等待元素可见：('id', 'com.xueqiu.android:id/md_buttonDefaultPositive') - [basepage.py:28]
2019-08-17 18:41:16,802 - basepage - INFO - 元素已可见。等待元素可见总时长:0.024248838424682617 - [basepage.py:36]
2019-08-17 18:41:16,802 - basepage - INFO - 点击操作：模块 model 下的元素 ('id', 'com.xueqiu.android:id/md_buttonDefaultPositive') - [basepage.py:78]
2019-08-17 18:41:16,818 - test_login - INFO - 获取info:手机号码填写错误成功 - [test_login.py:36]
2019-08-17 18:41:16,820 - basepage - INFO - 查找模块：model下的元素：('id', 'com.xueqiu.android:id/login_account') - [basepage.py:48]
2019-08-17 18:41:17,563 - basepage - INFO - 查找到元素成功 - [basepage.py:51]
2019-08-17 18:41:17,563 - basepage - INFO - 输入操作：模块 model 下的元素 ('id', 'com.xueqiu.android:id/login_account')输入文本 17751810779 - [basepage.py:93]
2019-08-17 18:41:18,620 - basepage - INFO - 查找模块：model下的元素：('id', 'com.xueqiu.android:id/login_password') - [basepage.py:48]
2019-08-17 18:41:19,121 - basepage - INFO - 查找到元素成功 - [basepage.py:51]
2019-08-17 18:41:19,122 - basepage - INFO - 输入操作：模块 model 下的元素 ('id', 'com.xueqiu.android:id/login_password')输入文本 85aa2vcx - [basepage.py:93]
2019-08-17 18:41:20,155 - basepage - INFO - 等待元素可见：('id', 'com.xueqiu.android:id/button_next') - [basepage.py:28]
2019-08-17 18:41:20,668 - basepage - INFO - 元素已可见。等待元素可见总时长:0.5131990909576416 - [basepage.py:36]
2019-08-17 18:41:20,669 - basepage - INFO - 点击操作：模块 model 下的元素 ('id', 'com.xueqiu.android:id/button_next') - [basepage.py:78]
2019-08-17 18:41:22,286 - basepage - INFO - 获取('id', 'com.xueqiu.android:id/md_content')元素成功 - [basepage.py:247]
2019-08-17 18:41:22,308 - basepage - INFO - 等待元素可见：('id', 'com.xueqiu.android:id/md_buttonDefaultPositive') - [basepage.py:28]
2019-08-17 18:41:22,329 - basepage - INFO - 元素已可见。等待元素可见总时长:0.021329164505004883 - [basepage.py:36]
2019-08-17 18:41:22,330 - basepage - INFO - 点击操作：模块 model 下的元素 ('id', 'com.xueqiu.android:id/md_buttonDefaultPositive') - [basepage.py:78]
2019-08-17 18:41:22,342 - test_login - INFO - 获取info:用户名或密码错误成功 - [test_login.py:36]
2019-08-17 18:49:37,384 - basepage - INFO - 等待元素可见：('id', 'com.xueqiu.android:id/user_profile_icon') - [basepage.py:28]
2019-08-17 18:49:42,102 - basepage - INFO - 元素已可见。等待元素可见总时长:4.716933727264404 - [basepage.py:36]
2019-08-17 18:49:42,102 - basepage - INFO - 点击操作：模块 model 下的元素 ('id', 'com.xueqiu.android:id/user_profile_icon') - [basepage.py:78]
2019-08-17 18:49:42,119 - basepage - INFO - 等待元素可见：('id', 'com.xueqiu.android:id/rl_login_phone') - [basepage.py:28]
2019-08-17 18:49:43,936 - basepage - INFO - 元素已可见。等待元素可见总时长:1.816857099533081 - [basepage.py:36]
2019-08-17 18:49:43,937 - basepage - INFO - 点击操作：模块 model 下的元素 ('id', 'com.xueqiu.android:id/rl_login_phone') - [basepage.py:78]
2019-08-17 18:49:43,978 - basepage - INFO - 等待元素可见：('id', 'com.xueqiu.android:id/tv_login_with_account') - [basepage.py:28]
2019-08-17 18:49:45,599 - basepage - INFO - 元素已可见。等待元素可见总时长:1.6202890872955322 - [basepage.py:36]
2019-08-17 18:49:45,599 - basepage - INFO - 点击操作：模块 model 下的元素 ('id', 'com.xueqiu.android:id/tv_login_with_account') - [basepage.py:78]
2019-08-17 18:49:45,626 - basepage - INFO - 查找模块：model下的元素：('id', 'com.xueqiu.android:id/login_account') - [basepage.py:48]
2019-08-17 18:49:46,245 - basepage - INFO - 查找到元素成功 - [basepage.py:51]
2019-08-17 18:49:46,245 - basepage - INFO - 输入操作：模块 model 下的元素 ('id', 'com.xueqiu.android:id/login_account')输入文本 17751810779159 - [basepage.py:93]
2019-08-17 18:49:47,298 - basepage - INFO - 查找模块：model下的元素：('id', 'com.xueqiu.android:id/login_password') - [basepage.py:48]
2019-08-17 18:49:47,903 - basepage - INFO - 查找到元素成功 - [basepage.py:51]
2019-08-17 18:49:47,903 - basepage - INFO - 输入操作：模块 model 下的元素 ('id', 'com.xueqiu.android:id/login_password')输入文本 123456 - [basepage.py:93]
2019-08-17 18:49:48,932 - basepage - INFO - 等待元素可见：('id', 'com.xueqiu.android:id/button_next') - [basepage.py:28]
2019-08-17 18:49:49,451 - basepage - INFO - 元素已可见。等待元素可见总时长:0.5181877613067627 - [basepage.py:36]
2019-08-17 18:49:49,451 - basepage - INFO - 点击操作：模块 model 下的元素 ('id', 'com.xueqiu.android:id/button_next') - [basepage.py:78]
2019-08-17 18:49:50,868 - basepage - INFO - 获取('id', 'com.xueqiu.android:id/md_content')元素成功 - [basepage.py:247]
2019-08-17 18:49:50,878 - basepage - INFO - 等待元素可见：('id', 'com.xueqiu.android:id/md_buttonDefaultPositive') - [basepage.py:28]
2019-08-17 18:49:50,901 - basepage - INFO - 元素已可见。等待元素可见总时长:0.02195596694946289 - [basepage.py:36]
2019-08-17 18:49:50,901 - basepage - INFO - 点击操作：模块 model 下的元素 ('id', 'com.xueqiu.android:id/md_buttonDefaultPositive') - [basepage.py:78]
2019-08-17 18:49:50,915 - test_login - INFO - 获取info:手机号码填写错误成功 - [test_login.py:36]
2019-08-17 18:49:50,918 - basepage - INFO - 查找模块：model下的元素：('id', 'com.xueqiu.android:id/login_account') - [basepage.py:48]
2019-08-17 18:49:51,681 - basepage - INFO - 查找到元素成功 - [basepage.py:51]
2019-08-17 18:49:51,681 - basepage - INFO - 输入操作：模块 model 下的元素 ('id', 'com.xueqiu.android:id/login_account')输入文本 17751810779 - [basepage.py:93]
2019-08-17 18:49:52,721 - basepage - INFO - 查找模块：model下的元素：('id', 'com.xueqiu.android:id/login_password') - [basepage.py:48]
2019-08-17 18:49:53,225 - basepage - INFO - 查找到元素成功 - [basepage.py:51]
2019-08-17 18:49:53,226 - basepage - INFO - 输入操作：模块 model 下的元素 ('id', 'com.xueqiu.android:id/login_password')输入文本 85aa2vcx - [basepage.py:93]
2019-08-17 18:49:54,277 - basepage - INFO - 等待元素可见：('id', 'com.xueqiu.android:id/button_next') - [basepage.py:28]
2019-08-17 18:49:54,793 - basepage - INFO - 元素已可见。等待元素可见总时长:0.5162842273712158 - [basepage.py:36]
2019-08-17 18:49:54,793 - basepage - INFO - 点击操作：模块 model 下的元素 ('id', 'com.xueqiu.android:id/button_next') - [basepage.py:78]
2019-08-17 18:49:56,394 - basepage - INFO - 获取('id', 'com.xueqiu.android:id/md_content')元素成功 - [basepage.py:247]
2019-08-17 18:49:56,408 - basepage - INFO - 等待元素可见：('id', 'com.xueqiu.android:id/md_buttonDefaultPositive') - [basepage.py:28]
2019-08-17 18:49:56,429 - basepage - INFO - 元素已可见。等待元素可见总时长:0.02064800262451172 - [basepage.py:36]
2019-08-17 18:49:56,429 - basepage - INFO - 点击操作：模块 model 下的元素 ('id', 'com.xueqiu.android:id/md_buttonDefaultPositive') - [basepage.py:78]
2019-08-17 18:49:56,444 - test_login - INFO - 获取info:用户名或密码错误成功 - [test_login.py:36]
2019-08-17 18:50:43,455 - basepage - INFO - 等待元素可见：('id', 'com.xueqiu.android:id/user_profile_icon') - [basepage.py:28]
2019-08-17 18:50:48,460 - basepage - INFO - 元素已可见。等待元素可见总时长:5.003990650177002 - [basepage.py:36]
2019-08-17 18:50:48,461 - basepage - INFO - 点击操作：模块 model 下的元素 ('id', 'com.xueqiu.android:id/user_profile_icon') - [basepage.py:78]
2019-08-17 18:50:48,481 - basepage - INFO - 等待元素可见：('id', 'com.xueqiu.android:id/rl_login_phone') - [basepage.py:28]
2019-08-17 18:50:50,259 - basepage - INFO - 元素已可见。等待元素可见总时长:1.7781119346618652 - [basepage.py:36]
2019-08-17 18:50:50,260 - basepage - INFO - 点击操作：模块 model 下的元素 ('id', 'com.xueqiu.android:id/rl_login_phone') - [basepage.py:78]
2019-08-17 18:50:50,298 - basepage - INFO - 等待元素可见：('id', 'com.xueqiu.android:id/tv_login_with_account') - [basepage.py:28]
2019-08-17 18:50:51,895 - basepage - INFO - 元素已可见。等待元素可见总时长:1.5966980457305908 - [basepage.py:36]
2019-08-17 18:50:51,895 - basepage - INFO - 点击操作：模块 model 下的元素 ('id', 'com.xueqiu.android:id/tv_login_with_account') - [basepage.py:78]
2019-08-17 18:50:51,924 - basepage - INFO - 查找模块：model下的元素：('id', 'com.xueqiu.android:id/login_account') - [basepage.py:48]
2019-08-17 18:50:52,537 - basepage - INFO - 查找到元素成功 - [basepage.py:51]
2019-08-17 18:50:52,537 - basepage - INFO - 输入操作：模块 model 下的元素 ('id', 'com.xueqiu.android:id/login_account')输入文本 17751810779159 - [basepage.py:93]
2019-08-17 18:50:53,615 - basepage - INFO - 查找模块：model下的元素：('id', 'com.xueqiu.android:id/login_password') - [basepage.py:48]
2019-08-17 18:50:54,215 - basepage - INFO - 查找到元素成功 - [basepage.py:51]
2019-08-17 18:50:54,215 - basepage - INFO - 输入操作：模块 model 下的元素 ('id', 'com.xueqiu.android:id/login_password')输入文本 123456 - [basepage.py:93]
2019-08-17 18:50:55,241 - basepage - INFO - 等待元素可见：('id', 'com.xueqiu.android:id/button_next') - [basepage.py:28]
2019-08-17 18:50:55,767 - basepage - INFO - 元素已可见。等待元素可见总时长:0.5259017944335938 - [basepage.py:36]
2019-08-17 18:50:55,767 - basepage - INFO - 点击操作：模块 model 下的元素 ('id', 'com.xueqiu.android:id/button_next') - [basepage.py:78]
2019-08-17 18:50:57,218 - basepage - INFO - 获取('id', 'com.xueqiu.android:id/md_content')元素成功 - [basepage.py:247]
2019-08-17 18:50:57,231 - basepage - INFO - 等待元素可见：('id', 'com.xueqiu.android:id/md_buttonDefaultPositive') - [basepage.py:28]
2019-08-17 18:50:57,268 - basepage - INFO - 元素已可见。等待元素可见总时长:0.036351919174194336 - [basepage.py:36]
2019-08-17 18:50:57,268 - basepage - INFO - 点击操作：模块 model 下的元素 ('id', 'com.xueqiu.android:id/md_buttonDefaultPositive') - [basepage.py:78]
2019-08-17 18:50:57,281 - test_login - INFO - 获取info:手机号码填写错误成功 - [test_login.py:36]
2019-08-17 18:50:57,284 - basepage - INFO - 查找模块：model下的元素：('id', 'com.xueqiu.android:id/login_account') - [basepage.py:48]
2019-08-17 18:50:58,028 - basepage - INFO - 查找到元素成功 - [basepage.py:51]
2019-08-17 18:50:58,029 - basepage - INFO - 输入操作：模块 model 下的元素 ('id', 'com.xueqiu.android:id/login_account')输入文本 17751810779 - [basepage.py:93]
2019-08-17 18:50:59,086 - basepage - INFO - 查找模块：model下的元素：('id', 'com.xueqiu.android:id/login_password') - [basepage.py:48]
2019-08-17 18:50:59,589 - basepage - INFO - 查找到元素成功 - [basepage.py:51]
2019-08-17 18:50:59,589 - basepage - INFO - 输入操作：模块 model 下的元素 ('id', 'com.xueqiu.android:id/login_password')输入文本 85aa2vcx - [basepage.py:93]
2019-08-17 18:51:00,624 - basepage - INFO - 等待元素可见：('id', 'com.xueqiu.android:id/button_next') - [basepage.py:28]
2019-08-17 18:51:01,137 - basepage - INFO - 元素已可见。等待元素可见总时长:0.5120251178741455 - [basepage.py:36]
2019-08-17 18:51:01,139 - basepage - INFO - 点击操作：模块 model 下的元素 ('id', 'com.xueqiu.android:id/button_next') - [basepage.py:78]
2019-08-17 18:51:03,377 - basepage - INFO - 获取('id', 'com.xueqiu.android:id/md_content')元素成功 - [basepage.py:247]
2019-08-17 18:51:03,389 - basepage - INFO - 等待元素可见：('id', 'com.xueqiu.android:id/md_buttonDefaultPositive') - [basepage.py:28]
2019-08-17 18:51:03,434 - basepage - INFO - 元素已可见。等待元素可见总时长:0.04552888870239258 - [basepage.py:36]
2019-08-17 18:51:03,434 - basepage - INFO - 点击操作：模块 model 下的元素 ('id', 'com.xueqiu.android:id/md_buttonDefaultPositive') - [basepage.py:78]
2019-08-17 18:51:03,448 - test_login - INFO - 获取info:用户名或密码错误成功 - [test_login.py:36]
2019-08-17 19:07:07,171 - basepage - INFO - 等待元素可见：('id', 'com.xueqiu.android:id/tv_search') - [basepage.py:28]
2019-08-17 19:07:18,059 - basepage - INFO - 元素已可见。等待元素可见总时长:10.887195825576782 - [basepage.py:36]
2019-08-17 19:07:18,059 - basepage - INFO - 点击操作：模块 model 下的元素 ('id', 'com.xueqiu.android:id/tv_search') - [basepage.py:78]
2019-08-17 19:07:38,135 - basepage - ERROR - 相对时间内没有定位到('id', 'com.xueqiu.android:id/tv_search')元素 - [basepage.py:250]
2019-08-17 19:07:44,405 - basepage - ERROR - 相对时间内没有定位到('id', 'com.xueqiu.android:id/tv_search')元素 - [basepage.py:250]
2019-08-17 19:08:38,029 - basepage - INFO - 等待元素可见：('id', 'com.xueqiu.android:id/tv_search') - [basepage.py:28]
2019-08-17 19:08:42,738 - basepage - INFO - 元素已可见。等待元素可见总时长:4.709032297134399 - [basepage.py:36]
2019-08-17 19:08:42,738 - basepage - INFO - 点击操作：模块 model 下的元素 ('id', 'com.xueqiu.android:id/tv_search') - [basepage.py:78]
2019-08-17 19:08:44,690 - basepage - INFO - 获取('id', 'com.xueqiu.android:id/search_input_text')元素成功 - [basepage.py:247]
2019-08-17 19:08:46,000 - basepage - INFO - SendKeys alibaba in ('id', 'com.xueqiu.android:id/search_input_text') success. - [basepage.py:289]
2019-08-17 19:08:46,686 - basepage - INFO - 获取('id', 'com.xueqiu.android:id/name')元素成功 - [basepage.py:247]
2019-08-17 19:08:46,735 - basepage - INFO - 获取('id', 'com.xueqiu.android:id/search_input_text')元素成功 - [basepage.py:247]
2019-08-17 19:08:48,422 - basepage - INFO - SendKeys xiaomi in ('id', 'com.xueqiu.android:id/search_input_text') success. - [basepage.py:289]
2019-08-17 19:08:49,442 - basepage - INFO - 获取('id', 'com.xueqiu.android:id/name')元素成功 - [basepage.py:247]
2019-08-17 19:08:49,527 - basepage - INFO - 获取('id', 'com.xueqiu.android:id/search_input_text')元素成功 - [basepage.py:247]
2019-08-17 19:08:51,194 - basepage - INFO - SendKeys google in ('id', 'com.xueqiu.android:id/search_input_text') success. - [basepage.py:289]
2019-08-17 19:08:51,847 - basepage - INFO - 获取('id', 'com.xueqiu.android:id/name')元素成功 - [basepage.py:247]
2019-08-17 19:14:25,638 - basepage - INFO - 等待元素可见：('id', 'com.xueqiu.android:id/user_profile_icon') - [basepage.py:28]
2019-08-17 19:14:36,695 - basepage - INFO - 元素已可见。等待元素可见总时长:11.057237148284912 - [basepage.py:36]
2019-08-17 19:14:36,696 - basepage - INFO - 点击操作：模块 model 下的元素 ('id', 'com.xueqiu.android:id/user_profile_icon') - [basepage.py:78]
2019-08-17 19:14:36,712 - basepage - INFO - 等待元素可见：('id', 'com.xueqiu.android:id/rl_login_phone') - [basepage.py:28]
2019-08-17 19:14:38,470 - basepage - INFO - 元素已可见。等待元素可见总时长:1.7580809593200684 - [basepage.py:36]
2019-08-17 19:14:38,471 - basepage - INFO - 点击操作：模块 model 下的元素 ('id', 'com.xueqiu.android:id/rl_login_phone') - [basepage.py:78]
2019-08-17 19:14:38,503 - basepage - INFO - 等待元素可见：('id', 'com.xueqiu.android:id/tv_login_with_account') - [basepage.py:28]
2019-08-17 19:14:40,116 - basepage - INFO - 元素已可见。等待元素可见总时长:1.6129353046417236 - [basepage.py:36]
2019-08-17 19:14:40,116 - basepage - INFO - 点击操作：模块 model 下的元素 ('id', 'com.xueqiu.android:id/tv_login_with_account') - [basepage.py:78]
2019-08-17 19:14:40,132 - basepage - INFO - 查找模块：model下的元素：('id', 'com.xueqiu.android:id/login_account') - [basepage.py:48]
2019-08-17 19:14:40,744 - basepage - INFO - 查找到元素成功 - [basepage.py:51]
2019-08-17 19:14:40,745 - basepage - INFO - 输入操作：模块 model 下的元素 ('id', 'com.xueqiu.android:id/login_account')输入文本 17751810779159 - [basepage.py:93]
2019-08-17 19:14:41,789 - basepage - INFO - 查找模块：model下的元素：('id', 'com.xueqiu.android:id/login_password') - [basepage.py:48]
2019-08-17 19:14:42,389 - basepage - INFO - 查找到元素成功 - [basepage.py:51]
2019-08-17 19:14:42,389 - basepage - INFO - 输入操作：模块 model 下的元素 ('id', 'com.xueqiu.android:id/login_password')输入文本 123456 - [basepage.py:93]
2019-08-17 19:14:43,409 - basepage - INFO - 等待元素可见：('id', 'com.xueqiu.android:id/button_next') - [basepage.py:28]
2019-08-17 19:14:43,929 - basepage - INFO - 元素已可见。等待元素可见总时长:0.519881010055542 - [basepage.py:36]
2019-08-17 19:14:43,929 - basepage - INFO - 点击操作：模块 model 下的元素 ('id', 'com.xueqiu.android:id/button_next') - [basepage.py:78]
2019-08-17 19:14:44,853 - basepage - INFO - 获取('id', 'com.xueqiu.android:id/md_content')元素成功 - [basepage.py:247]
2019-08-17 19:14:44,873 - basepage - INFO - 等待元素可见：('id', 'com.xueqiu.android:id/md_buttonDefaultPositive') - [basepage.py:28]
2019-08-17 19:14:44,924 - basepage - INFO - 元素已可见。等待元素可见总时长:0.051473140716552734 - [basepage.py:36]
2019-08-17 19:14:44,925 - basepage - INFO - 点击操作：模块 model 下的元素 ('id', 'com.xueqiu.android:id/md_buttonDefaultPositive') - [basepage.py:78]
2019-08-17 19:14:44,958 - test_login - INFO - 获取info:手机号码填写错误成功 - [test_login.py:36]
2019-08-17 19:14:44,960 - basepage - INFO - 查找模块：model下的元素：('id', 'com.xueqiu.android:id/login_account') - [basepage.py:48]
2019-08-17 19:14:45,709 - basepage - INFO - 查找到元素成功 - [basepage.py:51]
2019-08-17 19:14:45,709 - basepage - INFO - 输入操作：模块 model 下的元素 ('id', 'com.xueqiu.android:id/login_account')输入文本 17751810779 - [basepage.py:93]
2019-08-17 19:14:46,752 - basepage - INFO - 查找模块：model下的元素：('id', 'com.xueqiu.android:id/login_password') - [basepage.py:48]
2019-08-17 19:14:47,262 - basepage - INFO - 查找到元素成功 - [basepage.py:51]
2019-08-17 19:14:47,262 - basepage - INFO - 输入操作：模块 model 下的元素 ('id', 'com.xueqiu.android:id/login_password')输入文本 85aa2vcx - [basepage.py:93]
2019-08-17 19:14:48,291 - basepage - INFO - 等待元素可见：('id', 'com.xueqiu.android:id/button_next') - [basepage.py:28]
2019-08-17 19:14:48,811 - basepage - INFO - 元素已可见。等待元素可见总时长:0.5199723243713379 - [basepage.py:36]
2019-08-17 19:14:48,811 - basepage - INFO - 点击操作：模块 model 下的元素 ('id', 'com.xueqiu.android:id/button_next') - [basepage.py:78]
2019-08-17 19:14:50,434 - basepage - INFO - 获取('id', 'com.xueqiu.android:id/md_content')元素成功 - [basepage.py:247]
2019-08-17 19:14:50,444 - basepage - INFO - 等待元素可见：('id', 'com.xueqiu.android:id/md_buttonDefaultPositive') - [basepage.py:28]
2019-08-17 19:14:50,466 - basepage - INFO - 元素已可见。等待元素可见总时长:0.022089004516601562 - [basepage.py:36]
2019-08-17 19:14:50,466 - basepage - INFO - 点击操作：模块 model 下的元素 ('id', 'com.xueqiu.android:id/md_buttonDefaultPositive') - [basepage.py:78]
2019-08-17 19:14:50,483 - test_login - INFO - 获取info:用户名或密码错误成功 - [test_login.py:36]
2019-08-17 19:14:50,606 - basepage - INFO - 等待元素可见：('id', 'com.xueqiu.android:id/tv_search') - [basepage.py:28]
2019-08-17 19:15:20,804 - basepage - ERROR - 等待元素可见超时。 - [basepage.py:40]
Traceback (most recent call last):
  File "/Users/wurunze/PycharmProjects/SnowBallTest/pages/basepage.py", line 31, in wait_eleVisible
    ele = WebDriverWait(self.driver,timeout,poll_frequency).until(EC.visibility_of_element_located(locator))
  File "/Users/wurunze/PycharmProjects/xueqiuApp-test/venv/lib/python3.7/site-packages/selenium/webdriver/support/wait.py", line 80, in until
    raise TimeoutException(message, screen, stacktrace)
selenium.common.exceptions.TimeoutException: Message: 

2019-08-17 19:15:21,167 - basepage - INFO - 截图成功，文件路径为：/Users/wurunze/PycharmProjects/SnowBallTest/outputs/screenshots/model_2019-08-17-19-15-20.png - [basepage.py:143]
2019-08-17 19:17:38,005 - basepage - INFO - 等待元素可见：('id', 'com.xueqiu.android:id/user_profile_icon') - [basepage.py:28]
2019-08-17 19:17:42,707 - basepage - INFO - 元素已可见。等待元素可见总时长:4.70228910446167 - [basepage.py:36]
2019-08-17 19:17:42,707 - basepage - INFO - 点击操作：模块 model 下的元素 ('id', 'com.xueqiu.android:id/user_profile_icon') - [basepage.py:78]
2019-08-17 19:17:42,723 - basepage - INFO - 等待元素可见：('id', 'com.xueqiu.android:id/rl_login_phone') - [basepage.py:28]
2019-08-17 19:17:44,472 - basepage - INFO - 元素已可见。等待元素可见总时长:1.748676061630249 - [basepage.py:36]
2019-08-17 19:17:44,472 - basepage - INFO - 点击操作：模块 model 下的元素 ('id', 'com.xueqiu.android:id/rl_login_phone') - [basepage.py:78]
2019-08-17 19:17:44,511 - basepage - INFO - 等待元素可见：('id', 'com.xueqiu.android:id/tv_login_with_account') - [basepage.py:28]
2019-08-17 19:17:46,111 - basepage - INFO - 元素已可见。等待元素可见总时长:1.6001558303833008 - [basepage.py:36]
2019-08-17 19:17:46,112 - basepage - INFO - 点击操作：模块 model 下的元素 ('id', 'com.xueqiu.android:id/tv_login_with_account') - [basepage.py:78]
2019-08-17 19:17:46,164 - basepage - INFO - 查找模块：model下的元素：('id', 'com.xueqiu.android:id/login_account') - [basepage.py:48]
2019-08-17 19:17:46,822 - basepage - INFO - 查找到元素成功 - [basepage.py:51]
2019-08-17 19:17:46,822 - basepage - INFO - 输入操作：模块 model 下的元素 ('id', 'com.xueqiu.android:id/login_account')输入文本 17751810779159 - [basepage.py:93]
2019-08-17 19:17:47,868 - basepage - INFO - 查找模块：model下的元素：('id', 'com.xueqiu.android:id/login_password') - [basepage.py:48]
2019-08-17 19:17:48,472 - basepage - INFO - 查找到元素成功 - [basepage.py:51]
2019-08-17 19:17:48,472 - basepage - INFO - 输入操作：模块 model 下的元素 ('id', 'com.xueqiu.android:id/login_password')输入文本 123456 - [basepage.py:93]
2019-08-17 19:17:49,506 - basepage - INFO - 等待元素可见：('id', 'com.xueqiu.android:id/button_next') - [basepage.py:28]
2019-08-17 19:17:50,031 - basepage - INFO - 元素已可见。等待元素可见总时长:0.5244400501251221 - [basepage.py:36]
2019-08-17 19:17:50,031 - basepage - INFO - 点击操作：模块 model 下的元素 ('id', 'com.xueqiu.android:id/button_next') - [basepage.py:78]
2019-08-17 19:17:51,454 - basepage - INFO - 获取('id', 'com.xueqiu.android:id/md_content')元素成功 - [basepage.py:247]
2019-08-17 19:17:51,464 - basepage - INFO - 等待元素可见：('id', 'com.xueqiu.android:id/md_buttonDefaultPositive') - [basepage.py:28]
2019-08-17 19:17:51,494 - basepage - INFO - 元素已可见。等待元素可见总时长:0.029675006866455078 - [basepage.py:36]
2019-08-17 19:17:51,494 - basepage - INFO - 点击操作：模块 model 下的元素 ('id', 'com.xueqiu.android:id/md_buttonDefaultPositive') - [basepage.py:78]
2019-08-17 19:17:51,509 - test_login - INFO - 获取info:手机号码填写错误成功 - [test_login.py:36]
2019-08-17 19:17:51,511 - basepage - INFO - 查找模块：model下的元素：('id', 'com.xueqiu.android:id/login_account') - [basepage.py:48]
2019-08-17 19:17:52,256 - basepage - INFO - 查找到元素成功 - [basepage.py:51]
2019-08-17 19:17:52,256 - basepage - INFO - 输入操作：模块 model 下的元素 ('id', 'com.xueqiu.android:id/login_account')输入文本 17751810779 - [basepage.py:93]
2019-08-17 19:17:53,309 - basepage - INFO - 查找模块：model下的元素：('id', 'com.xueqiu.android:id/login_password') - [basepage.py:48]
2019-08-17 19:17:53,811 - basepage - INFO - 查找到元素成功 - [basepage.py:51]
2019-08-17 19:17:53,811 - basepage - INFO - 输入操作：模块 model 下的元素 ('id', 'com.xueqiu.android:id/login_password')输入文本 85aa2vcx - [basepage.py:93]
2019-08-17 19:17:54,838 - basepage - INFO - 等待元素可见：('id', 'com.xueqiu.android:id/button_next') - [basepage.py:28]
2019-08-17 19:17:55,364 - basepage - INFO - 元素已可见。等待元素可见总时长:0.5257799625396729 - [basepage.py:36]
2019-08-17 19:17:55,364 - basepage - INFO - 点击操作：模块 model 下的元素 ('id', 'com.xueqiu.android:id/button_next') - [basepage.py:78]
2019-08-17 19:17:57,003 - basepage - INFO - 获取('id', 'com.xueqiu.android:id/md_content')元素成功 - [basepage.py:247]
2019-08-17 19:17:57,014 - basepage - INFO - 等待元素可见：('id', 'com.xueqiu.android:id/md_buttonDefaultPositive') - [basepage.py:28]
2019-08-17 19:17:57,052 - basepage - INFO - 元素已可见。等待元素可见总时长:0.03783416748046875 - [basepage.py:36]
2019-08-17 19:17:57,052 - basepage - INFO - 点击操作：模块 model 下的元素 ('id', 'com.xueqiu.android:id/md_buttonDefaultPositive') - [basepage.py:78]
2019-08-17 19:17:57,064 - test_login - INFO - 获取info:用户名或密码错误成功 - [test_login.py:36]
2019-08-17 19:18:08,511 - basepage - INFO - 等待元素可见：('id', 'com.xueqiu.android:id/tv_search') - [basepage.py:28]
2019-08-17 19:18:19,856 - basepage - INFO - 元素已可见。等待元素可见总时长:11.344154119491577 - [basepage.py:36]
2019-08-17 19:18:19,856 - basepage - INFO - 点击操作：模块 model 下的元素 ('id', 'com.xueqiu.android:id/tv_search') - [basepage.py:78]
2019-08-17 19:18:21,869 - basepage - INFO - 获取('id', 'com.xueqiu.android:id/search_input_text')元素成功 - [basepage.py:247]
2019-08-17 19:18:23,156 - basepage - INFO - SendKeys alibaba in ('id', 'com.xueqiu.android:id/search_input_text') success. - [basepage.py:289]
2019-08-17 19:18:23,865 - basepage - INFO - 获取('id', 'com.xueqiu.android:id/name')元素成功 - [basepage.py:247]
2019-08-17 19:18:23,964 - basepage - INFO - 获取('id', 'com.xueqiu.android:id/search_input_text')元素成功 - [basepage.py:247]
2019-08-17 19:18:25,650 - basepage - INFO - SendKeys xiaomi in ('id', 'com.xueqiu.android:id/search_input_text') success. - [basepage.py:289]
2019-08-17 19:18:26,573 - basepage - INFO - 获取('id', 'com.xueqiu.android:id/name')元素成功 - [basepage.py:247]
2019-08-17 19:18:26,667 - basepage - INFO - 获取('id', 'com.xueqiu.android:id/search_input_text')元素成功 - [basepage.py:247]
2019-08-17 19:18:28,355 - basepage - INFO - SendKeys google in ('id', 'com.xueqiu.android:id/search_input_text') success. - [basepage.py:289]
2019-08-17 19:18:29,018 - basepage - INFO - 获取('id', 'com.xueqiu.android:id/name')元素成功 - [basepage.py:247]
2019-08-17 19:41:17,520 - basepage - INFO - 等待元素可见：('id', 'com.xueqiu.android:id/user_profile_icon') - [basepage.py:28]
2019-08-17 19:41:28,948 - basepage - INFO - 元素已可见。等待元素可见总时长:11.428093910217285 - [basepage.py:36]
2019-08-17 19:41:28,948 - basepage - INFO - 点击操作：模块 model 下的元素 ('id', 'com.xueqiu.android:id/user_profile_icon') - [basepage.py:78]
2019-08-17 19:41:28,965 - basepage - INFO - 等待元素可见：('id', 'com.xueqiu.android:id/rl_login_phone') - [basepage.py:28]
2019-08-17 19:41:30,709 - basepage - INFO - 元素已可见。等待元素可见总时长:1.743182897567749 - [basepage.py:36]
2019-08-17 19:41:30,709 - basepage - INFO - 点击操作：模块 model 下的元素 ('id', 'com.xueqiu.android:id/rl_login_phone') - [basepage.py:78]
2019-08-17 19:41:30,752 - basepage - INFO - 等待元素可见：('id', 'com.xueqiu.android:id/tv_login_with_account') - [basepage.py:28]
2019-08-17 19:41:32,357 - basepage - INFO - 元素已可见。等待元素可见总时长:1.6041998863220215 - [basepage.py:36]
2019-08-17 19:41:32,357 - basepage - INFO - 点击操作：模块 model 下的元素 ('id', 'com.xueqiu.android:id/tv_login_with_account') - [basepage.py:78]
2019-08-17 19:41:32,379 - basepage - INFO - 查找模块：model下的元素：('id', 'com.xueqiu.android:id/login_account') - [basepage.py:48]
2019-08-17 19:41:32,996 - basepage - INFO - 查找到元素成功 - [basepage.py:51]
2019-08-17 19:41:32,996 - basepage - INFO - 输入操作：模块 model 下的元素 ('id', 'com.xueqiu.android:id/login_account')输入文本 17751810779159 - [basepage.py:93]
2019-08-17 19:41:34,042 - basepage - INFO - 查找模块：model下的元素：('id', 'com.xueqiu.android:id/login_password') - [basepage.py:48]
2019-08-17 19:41:34,651 - basepage - INFO - 查找到元素成功 - [basepage.py:51]
2019-08-17 19:41:34,651 - basepage - INFO - 输入操作：模块 model 下的元素 ('id', 'com.xueqiu.android:id/login_password')输入文本 123456 - [basepage.py:93]
2019-08-17 19:41:35,682 - basepage - INFO - 等待元素可见：('id', 'com.xueqiu.android:id/button_next') - [basepage.py:28]
2019-08-17 19:41:36,207 - basepage - INFO - 元素已可见。等待元素可见总时长:0.5248990058898926 - [basepage.py:36]
2019-08-17 19:41:36,207 - basepage - INFO - 点击操作：模块 model 下的元素 ('id', 'com.xueqiu.android:id/button_next') - [basepage.py:78]
2019-08-17 19:41:37,642 - basepage - INFO - 获取('id', 'com.xueqiu.android:id/md_content')元素成功 - [basepage.py:247]
2019-08-17 19:41:37,655 - basepage - INFO - 等待元素可见：('id', 'com.xueqiu.android:id/md_buttonDefaultPositive') - [basepage.py:28]
2019-08-17 19:41:37,677 - basepage - INFO - 元素已可见。等待元素可见总时长:0.02184295654296875 - [basepage.py:36]
2019-08-17 19:41:37,677 - basepage - INFO - 点击操作：模块 model 下的元素 ('id', 'com.xueqiu.android:id/md_buttonDefaultPositive') - [basepage.py:78]
2019-08-17 19:41:37,691 - test_login - INFO - 获取info:手机号码填写错误成功 - [test_login.py:39]
2019-08-17 19:41:37,695 - basepage - INFO - 查找模块：model下的元素：('id', 'com.xueqiu.android:id/login_account') - [basepage.py:48]
2019-08-17 19:41:38,433 - basepage - INFO - 查找到元素成功 - [basepage.py:51]
2019-08-17 19:41:38,433 - basepage - INFO - 输入操作：模块 model 下的元素 ('id', 'com.xueqiu.android:id/login_account')输入文本 17751810779 - [basepage.py:93]
2019-08-17 19:41:39,501 - basepage - INFO - 查找模块：model下的元素：('id', 'com.xueqiu.android:id/login_password') - [basepage.py:48]
2019-08-17 19:41:40,024 - basepage - INFO - 查找到元素成功 - [basepage.py:51]
2019-08-17 19:41:40,024 - basepage - INFO - 输入操作：模块 model 下的元素 ('id', 'com.xueqiu.android:id/login_password')输入文本 85aa2vcx - [basepage.py:93]
2019-08-17 19:41:41,054 - basepage - INFO - 等待元素可见：('id', 'com.xueqiu.android:id/button_next') - [basepage.py:28]
2019-08-17 19:41:41,569 - basepage - INFO - 元素已可见。等待元素可见总时长:0.514984130859375 - [basepage.py:36]
2019-08-17 19:41:41,570 - basepage - INFO - 点击操作：模块 model 下的元素 ('id', 'com.xueqiu.android:id/button_next') - [basepage.py:78]
2019-08-17 19:41:43,258 - basepage - INFO - 获取('id', 'com.xueqiu.android:id/md_content')元素成功 - [basepage.py:247]
2019-08-17 19:41:43,271 - basepage - INFO - 等待元素可见：('id', 'com.xueqiu.android:id/md_buttonDefaultPositive') - [basepage.py:28]
2019-08-17 19:41:43,292 - basepage - INFO - 元素已可见。等待元素可见总时长:0.020238637924194336 - [basepage.py:36]
2019-08-17 19:41:43,292 - basepage - INFO - 点击操作：模块 model 下的元素 ('id', 'com.xueqiu.android:id/md_buttonDefaultPositive') - [basepage.py:78]
2019-08-17 19:41:43,305 - test_login - INFO - 获取info:用户名或密码错误成功 - [test_login.py:39]
2019-08-17 19:41:54,581 - basepage - INFO - 等待元素可见：('id', 'com.xueqiu.android:id/tv_search') - [basepage.py:28]
2019-08-17 19:41:59,406 - basepage - INFO - 元素已可见。等待元素可见总时长:4.824228048324585 - [basepage.py:36]
2019-08-17 19:41:59,406 - basepage - INFO - 点击操作：模块 model 下的元素 ('id', 'com.xueqiu.android:id/tv_search') - [basepage.py:78]
2019-08-17 19:42:01,874 - basepage - INFO - 获取('id', 'com.xueqiu.android:id/search_input_text')元素成功 - [basepage.py:247]
2019-08-17 19:42:03,165 - basepage - INFO - SendKeys alibaba in ('id', 'com.xueqiu.android:id/search_input_text') success. - [basepage.py:289]
2019-08-17 19:42:04,038 - basepage - INFO - 获取('id', 'com.xueqiu.android:id/name')元素成功 - [basepage.py:247]
2019-08-17 19:42:04,049 - test_search - INFO - 用例执行成功 - [test_search.py:35]
2019-08-17 19:42:04,087 - basepage - INFO - 获取('id', 'com.xueqiu.android:id/search_input_text')元素成功 - [basepage.py:247]
2019-08-17 19:42:06,124 - basepage - INFO - SendKeys xiaomi in ('id', 'com.xueqiu.android:id/search_input_text') success. - [basepage.py:289]
2019-08-17 19:42:06,898 - basepage - INFO - 获取('id', 'com.xueqiu.android:id/name')元素成功 - [basepage.py:247]
2019-08-17 19:42:06,909 - test_search - INFO - 用例执行成功 - [test_search.py:35]
2019-08-17 19:42:06,941 - basepage - INFO - 获取('id', 'com.xueqiu.android:id/search_input_text')元素成功 - [basepage.py:247]
2019-08-17 19:42:08,619 - basepage - INFO - SendKeys google in ('id', 'com.xueqiu.android:id/search_input_text') success. - [basepage.py:289]
2019-08-17 19:42:09,258 - basepage - INFO - 获取('id', 'com.xueqiu.android:id/name')元素成功 - [basepage.py:247]
2019-08-17 19:42:09,271 - test_search - INFO - 用例执行成功 - [test_search.py:35]
